TN:
SF:server/app.js
FN:38,(anonymous_1)
FNF:1
FNH:0
FNDA:0,(anonymous_1)
DA:1,1
DA:2,1
DA:3,1
DA:4,1
DA:5,1
DA:6,1
DA:7,1
DA:8,1
DA:10,1
DA:11,1
DA:12,1
DA:14,1
DA:17,1
DA:19,1
DA:21,1
DA:22,1
DA:23,1
DA:27,1
DA:28,1
DA:31,1
DA:33,1
DA:34,1
DA:35,1
DA:38,1
DA:39,0
DA:44,1
LF:26
LH:25
BRF:0
BRH:0
end_of_record
TN:
SF:server/mocha-setup.js
FNF:0
FNH:0
DA:1,1
DA:3,1
DA:4,1
DA:6,1
LF:4
LH:4
BRF:0
BRH:0
end_of_record
TN:
SF:server/bin/www.js
FN:39,normalizePort
FN:59,onError
FN:87,onListening
FNF:3
FNH:2
FNDA:1,normalizePort
FNDA:0,onError
FNDA:1,onListening
DA:6,1
DA:7,1
DA:8,1
DA:9,1
DA:15,1
DA:20,1
DA:21,1
DA:32,1
DA:33,1
DA:40,1
DA:42,1
DA:44,0
DA:47,1
DA:49,1
DA:52,0
DA:60,0
DA:61,0
DA:64,0
DA:69,0
DA:71,0
DA:72,0
DA:73,0
DA:75,0
DA:76,0
DA:77,0
DA:79,0
DA:88,1
DA:89,1
DA:92,1
LF:29
LH:16
BRDA:15,0,0,1
BRDA:15,0,1,1
BRDA:42,1,0,0
BRDA:42,1,1,1
BRDA:47,2,0,1
BRDA:47,2,1,0
BRDA:60,3,0,0
BRDA:60,3,1,0
BRDA:64,4,0,0
BRDA:64,4,1,0
BRDA:69,5,0,0
BRDA:69,5,1,0
BRDA:69,5,2,0
BRDA:89,6,0,0
BRDA:89,6,1,1
BRF:15
BRH:5
end_of_record
TN:
SF:server/config/db.js
FN:4,(anonymous_7)
FN:4,_callee
FN:4,connectDb
FNF:3
FNH:3
FNDA:1,(anonymous_7)
FNDA:3,_callee
FNDA:1,connectDb
DA:1,1
DA:2,1
DA:4,12
DA:7,1
DA:11,1
DA:13,0
DA:14,0
DA:18,1
LF:8
LH:6
BRDA:4,0,0,1
BRDA:4,0,1,1
BRDA:4,0,2,0
BRDA:4,0,3,1
BRDA:4,0,4,1
BRF:5
BRH:4
end_of_record
TN:
SF:server/controllers/paths.js
FN:19,getApiRouteAndEmit
FN:19,_loop
FN:21,(anonymous_9)
FN:34,setRouteInterval
FN:35,(anonymous_11)
FN:47,(anonymous_12)
FN:47,_callee
FN:54,(anonymous_15)
FN:56,(anonymous_16)
FN:62,(anonymous_17)
FN:68,(anonymous_18)
FN:81,(anonymous_19)
FN:47,getPaths
FN:102,(anonymous_21)
FN:102,_callee2
FN:102,getPath
FN:128,(anonymous_25)
FN:128,_callee3
FN:128,addPopeye
FN:146,(anonymous_29)
FN:146,_callee4
FN:146,deletePopeye
FN:175,(anonymous_33)
FN:175,_callee5
FN:175,updatePopeye
FNF:25
FNH:15
FNDA:0,getApiRouteAndEmit
FNDA:0,_loop
FNDA:0,(anonymous_9)
FNDA:0,setRouteInterval
FNDA:0,(anonymous_11)
FNDA:1,(anonymous_12)
FNDA:3,_callee
FNDA:0,(anonymous_15)
FNDA:0,(anonymous_16)
FNDA:0,(anonymous_17)
FNDA:0,(anonymous_18)
FNDA:0,(anonymous_19)
FNDA:1,getPaths
FNDA:1,(anonymous_21)
FNDA:3,_callee2
FNDA:1,getPath
FNDA:1,(anonymous_25)
FNDA:3,_callee3
FNDA:1,addPopeye
FNDA:1,(anonymous_29)
FNDA:3,_callee4
FNDA:1,deletePopeye
FNDA:1,(anonymous_33)
FNDA:4,_callee5
FNDA:1,updatePopeye
DA:4,1
DA:5,1
DA:6,1
DA:9,1
DA:19,1
DA:20,0
DA:21,0
DA:22,0
DA:34,1
DA:35,0
DA:36,0
DA:47,16
DA:49,1
DA:52,1
DA:53,1
DA:54,1
DA:56,0
DA:57,0
DA:58,0
DA:62,0
DA:63,0
DA:64,0
DA:68,0
DA:69,0
DA:70,0
DA:73,0
DA:74,0
DA:79,0
DA:81,0
DA:82,0
DA:85,1
DA:86,1
DA:91,0
DA:102,16
DA:103,1
DA:105,1
DA:108,1
DA:109,1
DA:110,1
DA:111,1
DA:116,0
DA:128,16
DA:129,1
DA:132,1
DA:134,1
DA:135,1
DA:136,1
DA:137,1
DA:142,0
DA:146,16
DA:147,1
DA:151,1
DA:153,1
DA:154,1
DA:155,1
DA:159,1
DA:164,0
DA:175,20
DA:176,1
DA:181,1
DA:184,1
DA:185,1
DA:186,1
DA:187,1
DA:192,0
LF:65
LH:41
BRDA:19,0,0,0
BRDA:19,0,1,0
BRDA:19,1,0,0
BRDA:19,1,1,0
BRDA:19,2,0,0
BRDA:19,2,1,0
BRDA:34,3,0,0
BRDA:34,3,1,0
BRDA:34,4,0,0
BRDA:34,4,1,0
BRDA:34,5,0,0
BRDA:34,5,1,0
BRDA:47,6,0,1
BRDA:47,6,1,1
BRDA:47,6,2,0
BRDA:47,6,3,1
BRDA:47,6,4,0
BRDA:47,6,5,1
BRDA:47,6,6,1
BRDA:47,7,0,0
BRDA:47,7,1,1
BRDA:57,8,0,0
BRDA:57,8,1,0
BRDA:63,9,0,0
BRDA:63,9,1,0
BRDA:102,10,0,1
BRDA:102,10,1,1
BRDA:102,10,2,0
BRDA:102,10,3,1
BRDA:102,10,4,0
BRDA:102,10,5,1
BRDA:102,10,6,1
BRDA:102,11,0,0
BRDA:102,11,1,1
BRDA:128,12,0,1
BRDA:128,12,1,1
BRDA:128,12,2,0
BRDA:128,12,3,1
BRDA:128,12,4,0
BRDA:128,12,5,1
BRDA:128,12,6,1
BRDA:128,13,0,0
BRDA:128,13,1,1
BRDA:146,14,0,1
BRDA:146,14,1,1
BRDA:146,14,2,0
BRDA:146,14,3,1
BRDA:146,14,4,0
BRDA:146,14,5,1
BRDA:146,14,6,1
BRDA:146,15,0,0
BRDA:146,15,1,1
BRDA:175,16,0,1
BRDA:175,16,1,1
BRDA:175,16,2,1
BRDA:175,16,3,0
BRDA:175,16,4,1
BRDA:175,16,5,0
BRDA:175,16,6,1
BRDA:175,16,7,1
BRDA:175,17,0,0
BRDA:175,17,1,1
BRF:62
BRH:31
end_of_record
TN:
SF:server/models/popeye.js
FNF:0
FNH:0
DA:1,1
DA:2,1
DA:4,1
DA:33,1
DA:34,1
DA:36,1
LF:6
LH:6
BRF:0
BRH:0
end_of_record
TN:
SF:server/routes/index.js
FN:5,(anonymous_1)
FNF:1
FNH:0
FNDA:0,(anonymous_1)
DA:1,1
DA:2,1
DA:5,1
DA:6,0
DA:11,1
LF:5
LH:4
BRF:0
BRH:0
end_of_record
TN:
SF:server/routes/pathRouter.js
FNF:0
FNH:0
DA:1,1
DA:2,1
DA:10,1
DA:12,1
DA:16,1
DA:22,1
LF:6
LH:6
BRF:0
BRH:0
end_of_record
TN:
SF:server/routes/users.js
FN:5,(anonymous_1)
FNF:1
FNH:1
FNDA:1,(anonymous_1)
DA:1,1
DA:2,1
DA:5,1
DA:6,1
DA:9,1
LF:5
LH:5
BRF:0
BRH:0
end_of_record
